<?xml version="1.0" encoding="UTF-8"?>
<testng-results ignored="0" total="1" passed="1" failed="0" skipped="0">
  <reporter-output>
  </reporter-output>
  <suite started-at="2022-11-16T16:51:16 IST" name="Default suite" finished-at="2022-11-16T16:51:23 IST" duration-ms="7376">
    <groups>
    </groups>
    <test started-at="2022-11-16T16:51:16 IST" name="Default test" finished-at="2022-11-16T16:51:23 IST" duration-ms="7376">
      <class name="ghmodule.loginPage">
        <test-method signature="Alertwithoktest()[pri:0, instance:ghmodule.loginPage@1b1426f4]" started-at="2022-11-16T16:51:16 IST" name="Alertwithoktest" finished-at="2022-11-16T16:51:23 IST" duration-ms="7322" status="PASS">
          <reporter-output>
          </reporter-output>
        </test-method> <!-- Alertwithoktest -->
      </class> <!-- ghmodule.loginPage -->
    </test> <!-- Default test -->
  </suite> <!-- Default suite -->
</testng-results>
